[debug] [2020-08-03T18:29:23.021Z] ----------------------------------------------------------------------
[debug] [2020-08-03T18:29:23.023Z] Command:       /Users/balazshorvath/.nvm/versions/node/v12.11.0/bin/node /Users/balazshorvath/Code/professional-projects/emergence-engineering/blog/node_modules/.bin/firebase deploy --only hosting -p static-export
[debug] [2020-08-03T18:29:23.023Z] CLI Version:   7.9.0
[debug] [2020-08-03T18:29:23.023Z] Platform:      darwin
[debug] [2020-08-03T18:29:23.023Z] Node Version:  v12.11.0
[debug] [2020-08-03T18:29:23.024Z] Time:          Mon Aug 03 2020 20:29:23 GMT+0200 (Central European Summer Time)
[debug] [2020-08-03T18:29:23.024Z] ----------------------------------------------------------------------
[debug] [2020-08-03T18:29:23.025Z] 
[debug] [2020-08-03T18:29:23.039Z] > command requires scopes: ["email","openid","https://www.googleapis.com/auth/cloudplatformprojects.readonly","https://www.googleapis.com/auth/firebase","https://www.googleapis.com/auth/cloud-platform"]
[debug] [2020-08-03T18:29:23.039Z] > authorizing via signed-in user
[debug] [2020-08-03T18:29:23.039Z] [iam] checking project emergence-engineering-blog for permissions ["firebase.projects.get","firebasehosting.sites.update"]
[debug] [2020-08-03T18:29:23.040Z] > refreshing access token with scopes: ["email","https://www.googleapis.com/auth/cloud-platform","https://www.googleapis.com/auth/cloudplatformprojects.readonly","https://www.googleapis.com/auth/firebase","openid"]
[debug] [2020-08-03T18:29:23.040Z] >>> HTTP REQUEST POST https://www.googleapis.com/oauth2/v3/token  
 <request body omitted>
[debug] [2020-08-03T18:29:23.203Z] <<< HTTP RESPONSE 200
[debug] [2020-08-03T18:29:23.217Z] >>> HTTP REQUEST POST https://cloudresourcemanager.googleapis.com/v1/projects/emergence-engineering-blog:testIamPermissions  

[debug] [2020-08-03T18:29:24.186Z] <<< HTTP RESPONSE 200
[debug] [2020-08-03T18:29:24.188Z] >>> HTTP REQUEST GET https://firebase.googleapis.com/v1beta1/projects/emergence-engineering-blog  
 
[debug] [2020-08-03T18:29:24.698Z] <<< HTTP RESPONSE 200
[info] 
[info] === Deploying to 'emergence-engineering-blog'...
[info] 
[info] i  deploying hosting
[debug] [2020-08-03T18:29:24.704Z] >>> HTTP REQUEST POST https://firebasehosting.googleapis.com/v1beta1/sites/emergence-engineering-blog/versions  

[debug] [2020-08-03T18:29:26.335Z] <<< HTTP RESPONSE 200
[info] i  hosting[emergence-engineering-blog]: beginning deploy...
[info] i  hosting[emergence-engineering-blog]: found 153 files in static-export
